app/build/intermediates/manifest_merge_blame_file/debug/manifest-merger-blame-debug-report.txt
1<?xml version="1.0" encoding="utf-8"?>
2<manifest xmlns:android="http://schemas.android.com/apk/res/android"
3    package="org.tensorflow.lite.examples.transfer"
4    android:versionCode="1"
5    android:versionName="1.0" >
6
7    <uses-sdk
8        android:minSdkVersion="21"
8-->src/main/AndroidManifest.xml
9        android:targetSdkVersion="29" />
9-->src/main/AndroidManifest.xml
10
11    <uses-permission android:name="android.permission.CAMERA" />
11-->src/main/AndroidManifest.xml:5:3-63
11-->src/main/AndroidManifest.xml:5:20-60
12    <uses-permission android:name="android.permission.RECORD_AUDIO" />
12-->src/main/AndroidManifest.xml:6:3-69
12-->src/main/AndroidManifest.xml:6:20-66
13    <uses-permission android:name="android.permission.VIBRATE" />
13-->src/main/AndroidManifest.xml:7:3-64
13-->src/main/AndroidManifest.xml:7:20-61
14
15    <uses-feature android:name="android.hardware.camera" />
15-->src/main/AndroidManifest.xml:8:3-58
15-->src/main/AndroidManifest.xml:8:17-55
16    <uses-feature android:name="android.hardware.camera.autofocus" />
16-->src/main/AndroidManifest.xml:9:3-68
16-->src/main/AndroidManifest.xml:9:17-65
17
18    <application
18-->src/main/AndroidManifest.xml:11:3-27:17
19        android:allowBackup="true"
19-->src/main/AndroidManifest.xml:12:7-33
20        android:appComponentFactory="androidx.core.app.CoreComponentFactory"
20-->[androidx.core:core:1.1.0-rc01] AndroidManifest.xml:24:18-86
21        android:configChanges="orientation"
21-->src/main/AndroidManifest.xml:13:7-42
22        android:debuggable="true"
23        android:icon="@drawable/ic_launcher"
23-->src/main/AndroidManifest.xml:14:7-43
24        android:label="@string/app_name"
24-->src/main/AndroidManifest.xml:15:7-39
25        android:testOnly="true"
26        android:theme="@style/AppTheme" >
26-->src/main/AndroidManifest.xml:16:7-38
27        <activity android:name="org.tensorflow.lite.examples.transfer.TrainActivity" />
27-->src/main/AndroidManifest.xml:17:5-93
27-->src/main/AndroidManifest.xml:17:15-81
28        <activity
28-->src/main/AndroidManifest.xml:18:5-26:16
29            android:name="org.tensorflow.lite.examples.transfer.MainActivity"
29-->src/main/AndroidManifest.xml:19:9-37
30            android:exported="true"
30-->src/main/AndroidManifest.xml:20:9-32
31            android:screenOrientation="portrait" >
31-->src/main/AndroidManifest.xml:21:9-45
32            <intent-filter>
32-->src/main/AndroidManifest.xml:22:7-25:23
33                <action android:name="android.intent.action.MAIN" />
33-->src/main/AndroidManifest.xml:23:9-60
33-->src/main/AndroidManifest.xml:23:17-58
34
35                <category android:name="android.intent.category.LAUNCHER" />
35-->src/main/AndroidManifest.xml:24:9-68
35-->src/main/AndroidManifest.xml:24:19-66
36            </intent-filter>
37        </activity>
38
39        <provider
39-->[androidx.camera:camera-camera2:1.0.0-alpha04] AndroidManifest.xml:25:9-30:43
40            android:name="androidx.camera.camera2.impl.Camera2Initializer"
40-->[androidx.camera:camera-camera2:1.0.0-alpha04] AndroidManifest.xml:26:13-75
41            android:authorities="org.tensorflow.lite.examples.transfer.camerax-init"
41-->[androidx.camera:camera-camera2:1.0.0-alpha04] AndroidManifest.xml:27:13-64
42            android:exported="false"
42-->[androidx.camera:camera-camera2:1.0.0-alpha04] AndroidManifest.xml:28:13-37
43            android:initOrder="100"
43-->[androidx.camera:camera-camera2:1.0.0-alpha04] AndroidManifest.xml:29:13-36
44            android:multiprocess="true" />
44-->[androidx.camera:camera-camera2:1.0.0-alpha04] AndroidManifest.xml:30:13-40
45        <provider
45-->[androidx.lifecycle:lifecycle-process:2.1.0-rc01] AndroidManifest.xml:23:9-27:43
46            android:name="androidx.lifecycle.ProcessLifecycleOwnerInitializer"
46-->[androidx.lifecycle:lifecycle-process:2.1.0-rc01] AndroidManifest.xml:24:13-79
47            android:authorities="org.tensorflow.lite.examples.transfer.lifecycle-process"
47-->[androidx.lifecycle:lifecycle-process:2.1.0-rc01] AndroidManifest.xml:25:13-69
48            android:exported="false"
48-->[androidx.lifecycle:lifecycle-process:2.1.0-rc01] AndroidManifest.xml:26:13-37
49            android:multiprocess="true" />
49-->[androidx.lifecycle:lifecycle-process:2.1.0-rc01] AndroidManifest.xml:27:13-40
50    </application>
51
52</manifest>